<?xml version="1.0" encoding="UTF-8"?><testsuite name="nosetests" tests="38" errors="0" failures="0" skip="0"><testcase classname="__unit_test__.gui.core.config.TestConfigurationParsing" name="testCyclicInheritance" time="0.000"></testcase><testcase classname="__unit_test__.gui.core.config.TestConfigurationParsing" name="testDescription" time="0.000"></testcase><testcase classname="__unit_test__.gui.core.config.TestConfigurationParsing" name="testGroupAccesses" time="0.000"></testcase><testcase classname="__unit_test__.gui.core.config.TestConfigurationParsing" name="testGroupActions" time="0.000"></testcase><testcase classname="__unit_test__.gui.core.config.TestConfigurationParsing" name="testGroupsExist" time="0.000"></testcase><testcase classname="__unit_test__.gui.core.config.TestConfigurationParsing" name="testGroupsRightsNumber" time="0.000"></testcase><testcase classname="__unit_test__.gui.core.config.TestConfigurationParsing" name="testInheritanceForAccesses" time="0.000"></testcase><testcase classname="__unit_test__.gui.core.config.TestConfigurationParsing" name="testInheritanceForActions" time="0.000"></testcase><testcase classname="__unit_test__.gui.core.config.TestConfigurationParsing" name="testRightAccesses" time="0.000"></testcase><testcase classname="__unit_test__.gui.core.config.TestConfigurationParsing" name="testRightActions" time="0.000"></testcase><testcase classname="__unit_test__.gui.core.config.TestConfigurationParsing" name="testRightInheritance" time="0.000"></testcase><testcase classname="__unit_test__.gui.core.config.TestConfigurationParsing" name="testRightsExist" time="0.000"></testcase><testcase classname="__unit_test__.ally.api.config.config_models.TestConfigure" name="testSuccesModel" time="0.001"></testcase><testcase classname="__unit_test__.ally.api.config.config_models.TestConfigure" name="testSuccesQuery" time="0.001"></testcase><testcase classname="__unit_test__.ally.api.config.config_service.TestConfigure" name="testFailedServiceCalls" time="0.000"></testcase><testcase classname="__unit_test__.ally.api.config.config_service.TestConfigure" name="testSuccesServiceCalls" time="0.000"></testcase><testcase classname="__unit_test__.ally.api.type.TestType" name="testFailedAsType" time="0.000"></testcase><testcase classname="__unit_test__.ally.api.type.TestType" name="testFailedBoolean" time="0.000"></testcase><testcase classname="__unit_test__.ally.api.type.TestType" name="testFailedContainer" time="0.000"></testcase><testcase classname="__unit_test__.ally.api.type.TestType" name="testFailedInt" time="0.000"></testcase><testcase classname="__unit_test__.ally.api.type.TestType" name="testFailedNumber" time="0.000"></testcase><testcase classname="__unit_test__.ally.api.type.TestType" name="testFailedStr" time="0.000"></testcase><testcase classname="__unit_test__.ally.api.type.TestType" name="testSuccesBoolean" time="0.000"></testcase><testcase classname="__unit_test__.ally.api.type.TestType" name="testSuccesInt" time="0.000"></testcase><testcase classname="__unit_test__.ally.api.type.TestType" name="testSuccesNumber" time="0.000"></testcase><testcase classname="__unit_test__.ally.api.type.TestType" name="testSuccesStr" time="0.000"></testcase><testcase classname="__unit_test__.ally.api.type.TestType" name="testSuccessContainer" time="0.000"></testcase><testcase classname="__unit_test__.ally.cdm.impl.local_filesystem.TestHTTPDelivery" name="testHTTPDelivery" time="0.000"></testcase><testcase classname="__unit_test__.ally.cdm.impl.local_filesystem.TestHTTPDelivery" name="testLocalFileSystemLinkCDM" time="0.006"></testcase><testcase classname="__unit_test__.ally.cdm.impl.local_filesystem.TestHTTPDelivery" name="testLocalFilesystemCDM" time="0.007"></testcase><testcase classname="__unit_test__.ally.design.context.TestDesign" name="testContext" time="0.000"></testcase><testcase classname="__unit_test__.ally.notifier.impl.poll_notifier.TestConfigurationParsing" name="testConfigurationParser" time="0.008"></testcase><testcase classname="__unit_test__.ally.support.util_sys.TestSys" name="testPropertyValidated" time="0.000"></testcase><testcase classname="__unit_test__.ally.core.http.impl.decoder_urlencoded.TestDecoderUrlencoded" name="testComplex" time="0.000"></testcase><testcase classname="__unit_test__.ally.core.http.impl.decoder_urlencoded.TestDecoderUrlencoded" name="testDictList" time="0.000"></testcase><testcase classname="__unit_test__.ally.core.http.impl.decoder_urlencoded.TestDecoderUrlencoded" name="testSimple" time="0.000"></testcase><testcase classname="__unit_test__.ally.core.http.impl.decoder_urlencoded.TestDecoderUrlencoded" name="testSimpleList" time="0.000"></testcase><testcase classname="__unit_test__.ally.core.http.impl.decoder_urlencoded.TestDecoderUrlencoded" name="testSimpleMore" time="0.000"></testcase></testsuite>